<?xml version="1.0" encoding="UTF-8"?>
<testng-results skipped="0" failed="0" ignored="0" total="2" passed="2">
  <reporter-output>
  </reporter-output>
  <suite name="Default suite" duration-ms="50300" started-at="2019-07-08T15:40:57Z" finished-at="2019-07-08T15:41:47Z">
    <groups>
    </groups>
    <test name="Default test" duration-ms="50300" started-at="2019-07-08T15:40:57Z" finished-at="2019-07-08T15:41:47Z">
      <class name="com.practice1.test.smoke.SampleLoginTest">
        <test-method status="PASS" signature="preConditions()[pri:0, instance:com.practice1.test.smoke.SampleLoginTest@cc285f4]" name="preConditions" is-config="true" duration-ms="25359" started-at="2019-07-08T15:40:57Z" finished-at="2019-07-08T15:41:22Z">
          <reporter-output>
          </reporter-output>
        </test-method> <!-- preConditions -->
        <test-method status="PASS" signature="testLogin2()[pri:0, instance:com.practice1.test.smoke.SampleLoginTest@cc285f4]" name="testLogin2" duration-ms="5662" started-at="2019-07-08T15:41:22Z" finished-at="2019-07-08T15:41:28Z">
          <reporter-output>
          </reporter-output>
        </test-method> <!-- testLogin2 -->
        <test-method status="PASS" signature="postConditions()[pri:0, instance:com.practice1.test.smoke.SampleLoginTest@cc285f4]" name="postConditions" is-config="true" duration-ms="2733" started-at="2019-07-08T15:41:28Z" finished-at="2019-07-08T15:41:31Z">
          <reporter-output>
          </reporter-output>
        </test-method> <!-- postConditions -->
        <test-method status="PASS" signature="preConditions()[pri:0, instance:com.practice1.test.smoke.SampleLoginTest@cc285f4]" name="preConditions" is-config="true" duration-ms="10238" started-at="2019-07-08T15:41:31Z" finished-at="2019-07-08T15:41:41Z">
          <reporter-output>
          </reporter-output>
        </test-method> <!-- preConditions -->
        <test-method status="PASS" signature="testLoginTitle1()[pri:0, instance:com.practice1.test.smoke.SampleLoginTest@cc285f4]" name="testLoginTitle1" duration-ms="3168" started-at="2019-07-08T15:41:41Z" finished-at="2019-07-08T15:41:44Z">
          <reporter-output>
          </reporter-output>
        </test-method> <!-- testLoginTitle1 -->
        <test-method status="PASS" signature="postConditions()[pri:0, instance:com.practice1.test.smoke.SampleLoginTest@cc285f4]" name="postConditions" is-config="true" duration-ms="3033" started-at="2019-07-08T15:41:44Z" finished-at="2019-07-08T15:41:47Z">
          <reporter-output>
          </reporter-output>
        </test-method> <!-- postConditions -->
      </class> <!-- com.practice1.test.smoke.SampleLoginTest -->
    </test> <!-- Default test -->
  </suite> <!-- Default suite -->
</testng-results>
